C:\USERS\AOIBHINN\DOCUMENTS\VISUAL STUDIO 2012\PROJECTS\SAT\SAT\DEBUG\SAT.PCH
C:\USERS\AOIBHINN\DOCUMENTS\VISUAL STUDIO 2012\PROJECTS\SAT\SAT\DEBUG\STDAFX.OBJ
C:\USERS\AOIBHINN\DOCUMENTS\VISUAL STUDIO 2012\PROJECTS\SAT\SAT\DEBUG\VC110.PDB
C:\USERS\AOIBHINN\DOCUMENTS\VISUAL STUDIO 2012\PROJECTS\SAT\SAT\DEBUG\SAT.OBJ
C:\USERS\AOIBHINN\DOCUMENTS\VISUAL STUDIO 2012\PROJECTS\SAT\SAT\DEBUG\BOUNCINGTHING.OBJ
C:\USERS\AOIBHINN\DOCUMENTS\VISUAL STUDIO 2012\PROJECTS\SAT\SAT\DEBUG\BOUNCINGTRIANGLE.OBJ
C:\USERS\AOIBHINN\DOCUMENTS\VISUAL STUDIO 2012\PROJECTS\SAT\SAT\DEBUG\SQUARE.OBJ
C:\USERS\AOIBHINN\DOCUMENTS\VISUAL STUDIO 2012\PROJECTS\SAT\SAT\DEBUG\TRIANGLE.OBJ
C:\USERS\AOIBHINN\DOCUMENTS\VISUAL STUDIO 2012\PROJECTS\SAT\SAT\DEBUG\COLLISION.OBJ
C:\USERS\AOIBHINN\DOCUMENTS\VISUAL STUDIO 2012\PROJECTS\SAT\DEBUG\SAT.ILK
C:\USERS\AOIBHINN\DOCUMENTS\VISUAL STUDIO 2012\PROJECTS\SAT\DEBUG\SAT.EXE
C:\USERS\AOIBHINN\DOCUMENTS\VISUAL STUDIO 2012\PROJECTS\SAT\DEBUG\SAT.PDB
c:\Users\Aoibhinn\documents\visual studio 2012\Projects\SAT\SAT\Debug\BouncingThing.obj
c:\Users\Aoibhinn\documents\visual studio 2012\Projects\SAT\SAT\Debug\BouncingTriangle.obj
c:\Users\Aoibhinn\documents\visual studio 2012\Projects\SAT\SAT\Debug\Collision.obj
c:\Users\Aoibhinn\documents\visual studio 2012\Projects\SAT\SAT\Debug\SAT.obj
c:\Users\Aoibhinn\documents\visual studio 2012\Projects\SAT\SAT\Debug\Square.obj
c:\Users\Aoibhinn\documents\visual studio 2012\Projects\SAT\SAT\Debug\stdafx.obj
c:\Users\Aoibhinn\documents\visual studio 2012\Projects\SAT\SAT\Debug\Triangle.obj
c:\Users\Aoibhinn\documents\visual studio 2012\Projects\SAT\SAT\Debug\cl.command.1.tlog
c:\Users\Aoibhinn\documents\visual studio 2012\Projects\SAT\SAT\Debug\CL.read.1.tlog
c:\Users\Aoibhinn\documents\visual studio 2012\Projects\SAT\SAT\Debug\CL.write.1.tlog
c:\Users\Aoibhinn\documents\visual studio 2012\Projects\SAT\SAT\Debug\link-cvtres.read.1.tlog
c:\Users\Aoibhinn\documents\visual studio 2012\Projects\SAT\SAT\Debug\link-cvtres.write.1.tlog
c:\Users\Aoibhinn\documents\visual studio 2012\Projects\SAT\SAT\Debug\link-rc.read.1.tlog
c:\Users\Aoibhinn\documents\visual studio 2012\Projects\SAT\SAT\Debug\link-rc.write.1.tlog
c:\Users\Aoibhinn\documents\visual studio 2012\Projects\SAT\SAT\Debug\link.2260-cvtres.read.1.tlog
c:\Users\Aoibhinn\documents\visual studio 2012\Projects\SAT\SAT\Debug\link.2260-cvtres.write.1.tlog
c:\Users\Aoibhinn\documents\visual studio 2012\Projects\SAT\SAT\Debug\link.2260-rc.read.1.tlog
c:\Users\Aoibhinn\documents\visual studio 2012\Projects\SAT\SAT\Debug\link.2260-rc.write.1.tlog
c:\Users\Aoibhinn\documents\visual studio 2012\Projects\SAT\SAT\Debug\link.2260.read.1.tlog
c:\Users\Aoibhinn\documents\visual studio 2012\Projects\SAT\SAT\Debug\link.2260.write.1.tlog
c:\Users\Aoibhinn\documents\visual studio 2012\Projects\SAT\SAT\Debug\link.3264-cvtres.read.1.tlog
c:\Users\Aoibhinn\documents\visual studio 2012\Projects\SAT\SAT\Debug\link.3264-cvtres.write.1.tlog
c:\Users\Aoibhinn\documents\visual studio 2012\Projects\SAT\SAT\Debug\link.3264-rc.read.1.tlog
c:\Users\Aoibhinn\documents\visual studio 2012\Projects\SAT\SAT\Debug\link.3264-rc.write.1.tlog
c:\Users\Aoibhinn\documents\visual studio 2012\Projects\SAT\SAT\Debug\link.3264.read.1.tlog
c:\Users\Aoibhinn\documents\visual studio 2012\Projects\SAT\SAT\Debug\link.3264.write.1.tlog
c:\Users\Aoibhinn\documents\visual studio 2012\Projects\SAT\SAT\Debug\link.3576-cvtres.read.1.tlog
c:\Users\Aoibhinn\documents\visual studio 2012\Projects\SAT\SAT\Debug\link.3576-cvtres.write.1.tlog
c:\Users\Aoibhinn\documents\visual studio 2012\Projects\SAT\SAT\Debug\link.3576-rc.read.1.tlog
c:\Users\Aoibhinn\documents\visual studio 2012\Projects\SAT\SAT\Debug\link.3576-rc.write.1.tlog
c:\Users\Aoibhinn\documents\visual studio 2012\Projects\SAT\SAT\Debug\link.3576.read.1.tlog
c:\Users\Aoibhinn\documents\visual studio 2012\Projects\SAT\SAT\Debug\link.3576.write.1.tlog
c:\Users\Aoibhinn\documents\visual studio 2012\Projects\SAT\SAT\Debug\link.4120-cvtres.read.1.tlog
c:\Users\Aoibhinn\documents\visual studio 2012\Projects\SAT\SAT\Debug\link.4120-cvtres.write.1.tlog
c:\Users\Aoibhinn\documents\visual studio 2012\Projects\SAT\SAT\Debug\link.4120-rc.read.1.tlog
c:\Users\Aoibhinn\documents\visual studio 2012\Projects\SAT\SAT\Debug\link.4120-rc.write.1.tlog
c:\Users\Aoibhinn\documents\visual studio 2012\Projects\SAT\SAT\Debug\link.4120.read.1.tlog
c:\Users\Aoibhinn\documents\visual studio 2012\Projects\SAT\SAT\Debug\link.4120.write.1.tlog
c:\Users\Aoibhinn\documents\visual studio 2012\Projects\SAT\SAT\Debug\link.6196-cvtres.read.1.tlog
c:\Users\Aoibhinn\documents\visual studio 2012\Projects\SAT\SAT\Debug\link.6196-cvtres.write.1.tlog
c:\Users\Aoibhinn\documents\visual studio 2012\Projects\SAT\SAT\Debug\link.6196-rc.read.1.tlog
c:\Users\Aoibhinn\documents\visual studio 2012\Projects\SAT\SAT\Debug\link.6196-rc.write.1.tlog
c:\Users\Aoibhinn\documents\visual studio 2012\Projects\SAT\SAT\Debug\link.6196.read.1.tlog
c:\Users\Aoibhinn\documents\visual studio 2012\Projects\SAT\SAT\Debug\link.6196.write.1.tlog
c:\Users\Aoibhinn\documents\visual studio 2012\Projects\SAT\SAT\Debug\link.command.1.tlog
c:\Users\Aoibhinn\documents\visual studio 2012\Projects\SAT\SAT\Debug\link.read.1.tlog
c:\Users\Aoibhinn\documents\visual studio 2012\Projects\SAT\SAT\Debug\link.write.1.tlog
c:\Users\Aoibhinn\documents\visual studio 2012\Projects\SAT\SAT\Debug\SAT.pch
c:\Users\Aoibhinn\documents\visual studio 2012\Projects\SAT\SAT\Debug\vc110.idb
c:\Users\Aoibhinn\documents\visual studio 2012\Projects\SAT\SAT\Debug\vc110.pdb
c:\users\aoibhinn\documents\visual studio 2012\Projects\SAT\Debug\SAT.pdb
c:\users\aoibhinn\documents\visual studio 2012\Projects\SAT\Debug\SAT.exe
c:\users\aoibhinn\documents\visual studio 2012\Projects\SAT\Debug\SAT.ilk
